<component name="libraryTable">
  <library name="junit-platform-console-standalone-1.11.4">
    <CLASSES>
      <root url="jar://$USER_HOME$/Documents/junit-platform-console-standalone-1.11.4.jar!/" />
    </CLASSES>
    <JAVADOC />
    <SOURCES />
  </library>
</component>